Log file open, 10/20/25 09:45:18
LogWindows: Failed to load 'aqProf.dll' (GetLastError=126)
LogWindows: File 'aqProf.dll' does not exist
LogWindows: Failed to load 'VtuneApi.dll' (GetLastError=126)
LogWindows: File 'VtuneApi.dll' does not exist
LogWindows: Failed to load 'VtuneApi32e.dll' (GetLastError=126)
LogWindows: File 'VtuneApi32e.dll' does not exist
LogConsoleResponse: Display: Failed to find resolution value strings in scalability ini. Falling back to default.
LogConsoleResponse: Display: Failed to find resolution value strings in scalability ini. Falling back to default.
LogInit: Display: Running engine for game: model
LogPlatformFile: Not using cached read wrapper
LogTaskGraph: Started task graph with 5 named threads and 35 total threads with 3 sets of task threads.
LogStats: Stats thread started at 0.187340
LogICUInternationalization: ICU TimeZone Detection - Raw Offset: +8:00, Platform Override: ''
LogInit: Display: Loading text-based GConfig....
LogPluginManager: Mounting plugin MeshPainting
LogPluginManager: Mounting plugin XGEController
LogPluginManager: Mounting plugin Paper2D
LogPluginManager: Mounting plugin LiveLink
LogPluginManager: Mounting plugin AISupport
LogPluginManager: Mounting plugin EnvironmentQueryEditor
LogPluginManager: Mounting plugin GameplayCameras
LogPluginManager: Mounting plugin AnimationSharing
LogPluginManager: Mounting plugin CameraShakePreviewer
LogPluginManager: Mounting plugin CodeLiteSourceCodeAccess
LogPluginManager: Mounting plugin CLionSourceCodeAccess
LogPluginManager: Mounting plugin KDevelopSourceCodeAccess
LogPluginManager: Mounting plugin GitSourceControl
LogPluginManager: Mounting plugin PixWinPlugin
LogPluginManager: Mounting plugin NullSourceCodeAccess
LogPluginManager: Mounting plugin PerforceSourceControl
LogPluginManager: Mounting plugin PlasticSourceControl
LogPluginManager: Mounting plugin PropertyAccessNode
LogPluginManager: Mounting plugin PluginUtils
LogPluginManager: Mounting plugin RiderSourceCodeAccess
LogPluginManager: Mounting plugin UObjectPlugin
LogPluginManager: Mounting plugin TextureFormatOodle
LogPluginManager: Mounting plugin SubversionSourceControl
LogPluginManager: Mounting plugin VisualStudioCodeSourceCodeAccess
LogPluginManager: Mounting plugin VisualStudioSourceCodeAccess
LogPluginManager: Mounting plugin XCodeSourceCodeAccess
LogPluginManager: Mounting plugin Niagara
LogPluginManager: Mounting plugin OodleData
LogPluginManager: Mounting plugin OodleNetwork
LogPluginManager: Mounting plugin AlembicImporter
LogPluginManager: Mounting plugin AutomationUtils
LogPluginManager: Mounting plugin BackChannel
LogPluginManager: Mounting plugin ChaosCloth
LogPluginManager: Mounting plugin ChaosEditor
LogPluginManager: Mounting plugin ChaosNiagara
LogPluginManager: Mounting plugin ChaosClothEditor
LogPluginManager: Mounting plugin ChaosSolverPlugin
LogPluginManager: Mounting plugin DatasmithContent
LogPluginManager: Mounting plugin LuminPlatformFeatures
LogPluginManager: Mounting plugin MagicLeap
LogPluginManager: Mounting plugin MagicLeapMedia
LogPluginManager: Mounting plugin MagicLeapPassableWorld
LogPluginManager: Mounting plugin MagicLeapLightEstimation
LogPluginManager: Mounting plugin AssetManagerEditor
LogPluginManager: Mounting plugin MLSDK
LogPluginManager: Mounting plugin AndroidMedia
LogPluginManager: Mounting plugin AvfMedia
LogPluginManager: Mounting plugin ImgMedia
LogPluginManager: Mounting plugin MediaCompositing
LogPluginManager: Mounting plugin MediaPlayerEditor
LogPluginManager: Mounting plugin WebMMedia
LogPluginManager: Mounting plugin WmfMedia
LogPluginManager: Mounting plugin CryptoKeys
LogPluginManager: Mounting plugin CurveEditorTools
LogPluginManager: Mounting plugin DataValidation
LogPluginManager: Mounting plugin FacialAnimation
LogPluginManager: Mounting plugin GeometryMode
LogPluginManager: Mounting plugin MacGraphicsSwitching
LogPluginManager: Mounting plugin GameplayTagsEditor
LogPluginManager: Mounting plugin MaterialAnalyzer
LogPluginManager: Mounting plugin MobileLauncherProfileWizard
LogPluginManager: Mounting plugin PluginBrowser
LogPluginManager: Mounting plugin CharacterAI
LogPluginManager: Mounting plugin SpeedTreeImporter
LogPluginManager: Mounting plugin VariantManagerContent
LogPluginManager: Mounting plugin GeometryCache
LogPluginManager: Mounting plugin GeometryCollectionPlugin
LogPluginManager: Mounting plugin GeometryProcessing
LogPluginManager: Mounting plugin MotoSynth
LogPluginManager: Mounting plugin OpenImageDenoise
LogPluginManager: Mounting plugin PlanarCut
LogPluginManager: Mounting plugin PlatformCrypto
LogPluginManager: Mounting plugin ProxyLODPlugin
LogPluginManager: Mounting plugin PythonScriptPlugin
LogPluginManager: Mounting plugin SkeletalReduction
LogPluginManager: Mounting plugin ActorSequence
LogPluginManager: Mounting plugin LevelSequenceEditor
LogPluginManager: Mounting plugin MatineeToLevelSequence
LogPluginManager: Mounting plugin TemplateSequence
LogPluginManager: Mounting plugin OnlineSubsystem
LogPluginManager: Mounting plugin OnlineSubsystemNull
LogPluginManager: Mounting plugin OnlineSubsystemUtils
LogPluginManager: Mounting plugin UdpMessaging
LogPluginManager: Mounting plugin LauncherChunkInstaller
LogPluginManager: Mounting plugin TcpMessaging
LogPluginManager: Mounting plugin ActorLayerUtilities
LogPluginManager: Mounting plugin AndroidDeviceProfileSelector
LogPluginManager: Mounting plugin AndroidMoviePlayer
LogPluginManager: Mounting plugin AndroidPermission
LogPluginManager: Mounting plugin AppleMoviePlayer
LogPluginManager: Mounting plugin AppleImageUtils
LogPluginManager: Mounting plugin AudioCapture
LogPluginManager: Mounting plugin ArchVisCharacter
LogPluginManager: Mounting plugin AudioSynesthesia
LogPluginManager: Mounting plugin AssetTags
LogPluginManager: Mounting plugin CableComponent
LogPluginManager: Mounting plugin ChunkDownloader
LogPluginManager: Mounting plugin CustomMeshComponent
LogPluginManager: Mounting plugin EditableMesh
LogPluginManager: Mounting plugin ExampleDeviceProfileSelector
LogPluginManager: Mounting plugin GoogleCloudMessaging
LogPluginManager: Mounting plugin GooglePAD
LogPluginManager: Mounting plugin ScreenshotTools
LogPluginManager: Mounting plugin IOSDeviceProfileSelector
LogPluginManager: Mounting plugin LinuxDeviceProfileSelector
LogPluginManager: Mounting plugin LocationServicesBPLibrary
LogPluginManager: Mounting plugin MobilePatchingUtils
LogPluginManager: Mounting plugin OpenXR
LogPluginManager: Mounting plugin OpenXREyeTracker
LogPluginManager: Mounting plugin OpenXRHandTracking
LogPluginManager: Mounting plugin PhysXVehicles
LogPluginManager: Mounting plugin Takes
LogPluginManager: Mounting plugin PostSplashScreen
LogPluginManager: Mounting plugin ProceduralMeshComponent
LogPluginManager: Mounting plugin PropertyAccessEditor
LogPluginManager: Mounting plugin RuntimePhysXCooking
LogPluginManager: Mounting plugin SignificanceManager
LogPluginManager: Mounting plugin SoundFields
LogPluginManager: Mounting plugin Synthesis
LogPluginManager: Mounting plugin WebMMoviePlayer
LogPluginManager: Mounting plugin WindowsMoviePlayer
LogPluginManager: Mounting plugin LightPropagationVolume
LogPluginManager: Mounting plugin ContentBrowserAssetDataSource
LogPluginManager: Mounting plugin ContentBrowserClassDataSource
LogPluginManager: Mounting plugin ContentBrowserFileDataSource
LogPluginManager: Mounting plugin OnlineSubsystemGooglePlay
LogPluginManager: Mounting plugin OnlineSubsystemIOS
LogPluginManager: Mounting plugin OculusVR
LogPluginManager: Mounting plugin SteamVR
PixWinPlugin: PIX capture plugin failed to initialize! Check that the process is launched from PIX.
LogLuminAPIImpl: Warning: MLSDK not found.  This likely means the MLSDK environment variable is not set.
LogInit: Using libcurl 7.55.1-DEV
LogInit:  - built for x86_64-pc-win32
LogInit:  - supports SSL with OpenSSL/1.1.1
LogInit:  - supports HTTP deflate (compression) using libz 1.2.8
LogInit:  - other features:
LogInit:      CURL_VERSION_SSL
LogInit:      CURL_VERSION_LIBZ
LogInit:      CURL_VERSION_IPV6
LogInit:      CURL_VERSION_ASYNCHDNS
LogInit:      CURL_VERSION_LARGEFILE
LogInit:      CURL_VERSION_IDN
LogInit:  CurlRequestOptions (configurable via config and command line):
LogInit:  - bVerifyPeer = true  - Libcurl will verify peer certificate
LogInit:  - bUseHttpProxy = false  - Libcurl will NOT use HTTP proxy
LogInit:  - bDontReuseConnections = false  - Libcurl will reuse connections
LogInit:  - MaxHostConnections = 16  - Libcurl will limit the number of connections to a host
LogInit:  - LocalHostAddr = Default
LogInit:  - BufferSize = 65536
LogOnline: OSS: Creating online subsystem instance for: NULL
LogInit: WinSock: version 1.1 (2.2), MaxSocks=32767, MaxUdp=65467
LogOnline: OSS: TryLoadSubsystemAndSetDefault: Loaded subsystem for module [NULL]
LogOculusPluginWrapper: OculusPlugin initialized successfully
LogHMD: Failed initializing OVRPlugin 1.59.0
LogInit: Build: ++UE4+Release-4.27-CL-18319896
LogInit: Engine Version: 4.27.2-18319896+++UE4+Release-4.27
LogInit: Compatible Engine Version: 4.27.0-17155196+++UE4+Release-4.27
LogInit: Net CL: 17155196
LogInit: OS: Windows 10 (Release 2009) (), CPU: 12th Gen Intel(R) Core(TM) i5-12400F, GPU: NVIDIA GeForce GTX 1660
LogInit: Compiled (64-bit): Nov 30 2021 07:12:08
LogInit: Compiled with Visual C++: 19.24.28315.00
LogInit: Build Configuration: Development
LogInit: Branch Name: ++UE4+Release-4.27
LogInit: Command Line: 
LogInit: Base Directory: D:/UE_4.27/Engine/Binaries/Win64/
LogInit: Allocator: TBB
LogInit: Installed Engine Build: 1
LogDevObjectVersion: Number of dev versions registered: 29
LogDevObjectVersion:   Dev-Blueprints (B0D832E4-1F89-4F0D-ACCF-7EB736FD4AA2): 10
LogDevObjectVersion:   Dev-Build (E1C64328-A22C-4D53-A36C-8E866417BD8C): 0
LogDevObjectVersion:   Dev-Core (375EC13C-06E4-48FB-B500-84F0262A717E): 4
LogDevObjectVersion:   Dev-Editor (E4B068ED-F494-42E9-A231-DA0B2E46BB41): 40
LogDevObjectVersion:   Dev-Framework (CFFC743F-43B0-4480-9391-14DF171D2073): 37
LogDevObjectVersion:   Dev-Mobile (B02B49B5-BB20-44E9-A304-32B752E40360): 3
LogDevObjectVersion:   Dev-Networking (A4E4105C-59A1-49B5-A7C5-40C4547EDFEE): 0
LogDevObjectVersion:   Dev-Online (39C831C9-5AE6-47DC-9A44-9C173E1C8E7C): 0
LogDevObjectVersion:   Dev-Physics (78F01B33-EBEA-4F98-B9B4-84EACCB95AA2): 14
LogDevObjectVersion:   Dev-Platform (6631380F-2D4D-43E0-8009-CF276956A95A): 0
LogDevObjectVersion:   Dev-Rendering (12F88B9F-8875-4AFC-A67C-D90C383ABD29): 45
LogDevObjectVersion:   Dev-Sequencer (7B5AE74C-D270-4C10-A958-57980B212A5A): 13
LogDevObjectVersion:   Dev-VR (D7296918-1DD6-4BDD-9DE2-64A83CC13884): 3
LogDevObjectVersion:   Dev-LoadTimes (C2A15278-BFE7-4AFE-6C17-90FF531DF755): 1
LogDevObjectVersion:   Private-Geometry (6EACA3D4-40EC-4CC1-B786-8BED09428FC5): 3
LogDevObjectVersion:   Dev-AnimPhys (29E575DD-E0A3-4627-9D10-D276232CDCEA): 17
LogDevObjectVersion:   Dev-Anim (AF43A65D-7FD3-4947-9873-3E8ED9C1BB05): 15
LogDevObjectVersion:   Dev-ReflectionCapture (6B266CEC-1EC7-4B8F-A30B-E4D90942FC07): 1
LogDevObjectVersion:   Dev-Automation (0DF73D61-A23F-47EA-B727-89E90C41499A): 1
LogDevObjectVersion:   FortniteMain (601D1886-AC64-4F84-AA16-D3DE0DEAC7D6): 47
LogDevObjectVersion:   FortniteRelease (E7086368-6B23-4C58-8439-1B7016265E91): 1
LogDevObjectVersion:   Dev-Enterprise (9DFFBCD6-494F-0158-E221-12823C92A888): 10
LogDevObjectVersion:   Dev-Niagara (F2AED0AC-9AFE-416F-8664-AA7FFA26D6FC): 1
LogDevObjectVersion:   Dev-Destruction (174F1F0B-B4C6-45A5-B13F-2EE8D0FB917D): 10
LogDevObjectVersion:   Dev-Physics-Ext (35F94A83-E258-406C-A318-09F59610247C): 41
LogDevObjectVersion:   Dev-PhysicsMaterial-Chaos (B68FC16E-8B1B-42E2-B453-215C058844FE): 1
LogDevObjectVersion:   Dev-CineCamera (B2E18506-4273-CFC2-A54E-F4BB758BBA07): 1
LogDevObjectVersion:   Dev-VirtualProduction (64F58936-FD1B-42BA-BA96-7289D5D0FA4E): 1
LogDevObjectVersion:   Dev-MediaFramework (6F0ED827-A609-4895-9C91-998D90180EA4): 2
LogInit: Presizing for max 25165824 objects, including 0 objects not considered by GC, pre-allocating 0 bytes for permanent pool.
LogConfig: Applying CVar settings from Section [/Script/Engine.StreamingSettings] File [E:/F盘/上传官网/dn-z1/Computer-z1/Saved/Config/Windows/Engine.ini]
LogConfig: Setting CVar [[s.MinBulkDataSizeForAsyncLoading:131072]]
LogConfig: Setting CVar [[s.AsyncLoadingThreadEnabled:0]]
LogConfig: Setting CVar [[s.EventDrivenLoaderEnabled:1]]
LogConfig: Setting CVar [[s.WarnIfTimeLimitExceeded:0]]
LogConfig: Setting CVar [[s.TimeLimitExceededMultiplier:1.5]]
LogConfig: Setting CVar [[s.TimeLimitExceededMinTime:0.005]]
LogConfig: Setting CVar [[s.UseBackgroundLevelStreaming:1]]
LogConfig: Setting CVar [[s.PriorityAsyncLoadingExtraTime:15.0]]
LogConfig: Setting CVar [[s.LevelStreamingActorsUpdateTimeLimit:5.0]]
LogConfig: Setting CVar [[s.PriorityLevelStreamingActorsUpdateExtraTime:5.0]]
LogConfig: Setting CVar [[s.LevelStreamingComponentsRegistrationGranularity:10]]
LogConfig: Setting CVar [[s.UnregisterComponentsTimeLimit:1.0]]
LogConfig: Setting CVar [[s.LevelStreamingComponentsUnregistrationGranularity:5]]
LogConfig: Setting CVar [[s.FlushStreamingOnExit:1]]
LogInit: Object subsystem initialized
LogConfig: Setting CVar [[con.DebugEarlyDefault:1]]
LogConfig: Setting CVar [[r.setres:1280x720]]
[2025.10.20-01.45.18:792][  0]LogConfig: Setting CVar [[r.VSync:0]]
[2025.10.20-01.45.18:792][  0]LogConfig: Setting CVar [[r.RHICmdBypass:0]]
[2025.10.20-01.45.18:792][  0]LogConfig: Applying CVar settings from Section [/Script/Engine.RendererSettings] File [E:/F盘/上传官网/dn-z1/Computer-z1/Saved/Config/Windows/Engine.ini]
[2025.10.20-01.45.18:792][  0]LogConfig: Setting CVar [[r.GPUCrashDebugging:0]]
[2025.10.20-01.45.18:792][  0]LogConfig: Setting CVar [[r.AllowGlobalClipPlane:1]]
[2025.10.20-01.45.18:792][  0]LogConfig: Applying CVar settings from Section [/Script/Engine.RendererOverrideSettings] File [E:/F盘/上传官网/dn-z1/Computer-z1/Saved/Config/Windows/Engine.ini]
[2025.10.20-01.45.18:792][  0]LogConfig: Applying CVar settings from Section [/Script/Engine.StreamingSettings] File [E:/F盘/上传官网/dn-z1/Computer-z1/Saved/Config/Windows/Engine.ini]
[2025.10.20-01.45.18:792][  0]LogConfig: Setting CVar [[s.MinBulkDataSizeForAsyncLoading:131072]]
[2025.10.20-01.45.18:792][  0]LogConfig: Setting CVar [[s.AsyncLoadingThreadEnabled:0]]
[2025.10.20-01.45.18:792][  0]LogConfig: Setting CVar [[s.EventDrivenLoaderEnabled:1]]
[2025.10.20-01.45.18:792][  0]LogConfig: Setting CVar [[s.WarnIfTimeLimitExceeded:0]]
[2025.10.20-01.45.18:792][  0]LogConfig: Setting CVar [[s.TimeLimitExceededMultiplier:1.5]]
[2025.10.20-01.45.18:792][  0]LogConfig: Setting CVar [[s.TimeLimitExceededMinTime:0.005]]
[2025.10.20-01.45.18:792][  0]LogConfig: Setting CVar [[s.UseBackgroundLevelStreaming:1]]
[2025.10.20-01.45.18:792][  0]LogConfig: Setting CVar [[s.PriorityAsyncLoadingExtraTime:15.0]]
[2025.10.20-01.45.18:792][  0]LogConfig: Setting CVar [[s.LevelStreamingActorsUpdateTimeLimit:5.0]]
[2025.10.20-01.45.18:792][  0]LogConfig: Setting CVar [[s.PriorityLevelStreamingActorsUpdateExtraTime:5.0]]
[2025.10.20-01.45.18:792][  0]LogConfig: Setting CVar [[s.LevelStreamingComponentsRegistrationGranularity:10]]
[2025.10.20-01.45.18:792][  0]LogConfig: Setting CVar [[s.UnregisterComponentsTimeLimit:1.0]]
[2025.10.20-01.45.18:792][  0]LogConfig: Setting CVar [[s.LevelStreamingComponentsUnregistrationGranularity:5]]
[2025.10.20-01.45.18:792][  0]LogConfig: Setting CVar [[s.FlushStreamingOnExit:1]]
[2025.10.20-01.45.18:793][  0]LogConfig: Applying CVar settings from Section [/Script/Engine.GarbageCollectionSettings] File [E:/F盘/上传官网/dn-z1/Computer-z1/Saved/Config/Windows/Engine.ini]
[2025.10.20-01.45.18:793][  0]LogConfig: Setting CVar [[gc.MaxObjectsNotConsideredByGC:1]]
[2025.10.20-01.45.18:793][  0]LogConfig: Setting CVar [[gc.SizeOfPermanentObjectPool:0]]
[2025.10.20-01.45.18:793][  0]LogConfig: Setting CVar [[gc.FlushStreamingOnGC:0]]
[2025.10.20-01.45.18:793][  0]LogConfig: Setting CVar [[gc.NumRetriesBeforeForcingGC:10]]
[2025.10.20-01.45.18:793][  0]LogConfig: Setting CVar [[gc.AllowParallelGC:1]]
[2025.10.20-01.45.18:793][  0]LogConfig: Setting CVar [[gc.TimeBetweenPurgingPendingKillObjects:61.1]]
[2025.10.20-01.45.18:793][  0]LogConfig: Setting CVar [[gc.MaxObjectsInEditor:25165824]]
[2025.10.20-01.45.18:793][  0]LogConfig: Setting CVar [[gc.IncrementalBeginDestroyEnabled:1]]
[2025.10.20-01.45.18:793][  0]LogConfig: Setting CVar [[gc.CreateGCClusters:1]]
[2025.10.20-01.45.18:793][  0]LogConfig: Setting CVar [[gc.MinGCClusterSize:5]]
[2025.10.20-01.45.18:793][  0]LogConfig: Setting CVar [[gc.ActorClusteringEnabled:0]]
[2025.10.20-01.45.18:793][  0]LogConfig: Setting CVar [[gc.BlueprintClusteringEnabled:0]]
[2025.10.20-01.45.18:793][  0]LogConfig: Setting CVar [[gc.UseDisregardForGCOnDedicatedServers:0]]
[2025.10.20-01.45.18:793][  0]LogConfig: Setting CVar [[gc.MultithreadedDestructionEnabled:1]]
[2025.10.20-01.45.18:793][  0]LogConfig: Applying CVar settings from Section [/Script/Engine.NetworkSettings] File [E:/F盘/上传官网/dn-z1/Computer-z1/Saved/Config/Windows/Engine.ini]
[2025.10.20-01.45.18:793][  0]LogConfig: Applying CVar settings from Section [/Script/UnrealEd.CookerSettings] File [E:/F盘/上传官网/dn-z1/Computer-z1/Saved/Config/Windows/Engine.ini]
[2025.10.20-01.45.18:796][  0]LogConfig: Applying CVar settings from Section [ViewDistanceQuality@3] File [E:/F盘/上传官网/dn-z1/Computer-z1/Saved/Config/Windows/Scalability.ini]
[2025.10.20-01.45.18:796][  0]LogConfig: Setting CVar [[r.SkeletalMeshLODBias:0]]
[2025.10.20-01.45.18:796][  0]LogConfig: Setting CVar [[r.ViewDistanceScale:1.0]]
[2025.10.20-01.45.18:796][  0]LogConfig: Applying CVar settings from Section [AntiAliasingQuality@3] File [E:/F盘/上传官网/dn-z1/Computer-z1/Saved/Config/Windows/Scalability.ini]
[2025.10.20-01.45.18:796][  0]LogConfig: Setting CVar [[r.PostProcessAAQuality:4]]
[2025.10.20-01.45.18:796][  0]LogConfig: Applying CVar settings from Section [ShadowQuality@3] File [E:/F盘/上传官网/dn-z1/Computer-z1/Saved/Config/Windows/Scalability.ini]
[2025.10.20-01.45.18:796][  0]LogConfig: Setting CVar [[r.LightFunctionQuality:1]]
[2025.10.20-01.45.18:796][  0]LogConfig: Setting CVar [[r.ShadowQuality:5]]
[2025.10.20-01.45.18:796][  0]LogConfig: Setting CVar [[r.Shadow.CSM.MaxCascades:10]]
[2025.10.20-01.45.18:796][  0]LogConfig: Setting CVar [[r.Shadow.MaxResolution:2048]]
[2025.10.20-01.45.18:796][  0]LogConfig: Setting CVar [[r.Shadow.MaxCSMResolution:2048]]
[2025.10.20-01.45.18:796][  0]LogConfig: Setting CVar [[r.Shadow.RadiusThreshold:0.01]]
[2025.10.20-01.45.18:796][  0]LogConfig: Setting CVar [[r.Shadow.DistanceScale:1.0]]
[2025.10.20-01.45.18:796][  0]LogConfig: Setting CVar [[r.Shadow.CSM.TransitionScale:1.0]]
[2025.10.20-01.45.18:796][  0]LogConfig: Setting CVar [[r.Shadow.PreShadowResolutionFactor:1.0]]
[2025.10.20-01.45.18:796][  0]LogConfig: Setting CVar [[r.DistanceFieldShadowing:1]]
[2025.10.20-01.45.18:796][  0]LogConfig: Setting CVar [[r.DistanceFieldAO:1]]
[2025.10.20-01.45.18:796][  0]LogConfig: Setting CVar [[r.AOQuality:2]]
[2025.10.20-01.45.18:796][  0]LogConfig: Setting CVar [[r.VolumetricFog:1]]
[2025.10.20-01.45.18:796][  0]LogConfig: Setting CVar [[r.VolumetricFog.GridPixelSize:8]]
[2025.10.20-01.45.18:796][  0]LogConfig: Setting CVar [[r.VolumetricFog.GridSizeZ:128]]
[2025.10.20-01.45.18:796][  0]LogConfig: Setting CVar [[r.VolumetricFog.HistoryMissSupersampleCount:4]]
[2025.10.20-01.45.18:796][  0]LogConfig: Setting CVar [[r.LightMaxDrawDistanceScale:1]]
[2025.10.20-01.45.18:796][  0]LogConfig: Setting CVar [[r.CapsuleShadows:1]]
[2025.10.20-01.45.18:796][  0]LogConfig: Applying CVar settings from Section [PostProcessQuality@3] File [E:/F盘/上传官网/dn-z1/Computer-z1/Saved/Config/Windows/Scalability.ini]
[2025.10.20-01.45.18:796][  0]LogConfig: Setting CVar [[r.MotionBlurQuality:4]]
[2025.10.20-01.45.18:796][  0]LogConfig: Setting CVar [[r.AmbientOcclusionMipLevelFactor:0.4]]
[2025.10.20-01.45.18:796][  0]LogConfig: Setting CVar [[r.AmbientOcclusionMaxQuality:100]]
[2025.10.20-01.45.18:796][  0]LogConfig: Setting CVar [[r.AmbientOcclusionLevels:-1]]
[2025.10.20-01.45.18:796][  0]LogConfig: Setting CVar [[r.AmbientOcclusionRadiusScale:1.0]]
[2025.10.20-01.45.18:796][  0]LogConfig: Setting CVar [[r.DepthOfFieldQuality:2]]
[2025.10.20-01.45.18:796][  0]LogConfig: Setting CVar [[r.RenderTargetPoolMin:400]]
[2025.10.20-01.45.18:796][  0]LogConfig: Setting CVar [[r.LensFlareQuality:2]]
[2025.10.20-01.45.18:796][  0]LogConfig: Setting CVar [[r.SceneColorFringeQuality:1]]
[2025.10.20-01.45.18:796][  0]LogConfig: Setting CVar [[r.EyeAdaptationQuality:2]]
[2025.10.20-01.45.18:796][  0]LogConfig: Setting CVar [[r.BloomQuality:5]]
[2025.10.20-01.45.18:796][  0]LogConfig: Setting CVar [[r.FastBlurThreshold:100]]
[2025.10.20-01.45.18:796][  0]LogConfig: Setting CVar [[r.Upscale.Quality:3]]
[2025.10.20-01.45.18:796][  0]LogConfig: Setting CVar [[r.Tonemapper.GrainQuantization:1]]
[2025.10.20-01.45.18:796][  0]LogConfig: Setting CVar [[r.LightShaftQuality:1]]
[2025.10.20-01.45.18:796][  0]LogConfig: Setting CVar [[r.Filter.SizeScale:1]]
[2025.10.20-01.45.18:796][  0]LogConfig: Setting CVar [[r.Tonemapper.Quality:5]]
[2025.10.20-01.45.18:796][  0]LogConfig: Setting CVar [[r.DOF.Gather.AccumulatorQuality:1        ; higher gathering accumulator quality]]
[2025.10.20-01.45.18:796][  0]LogConfig: Setting CVar [[r.DOF.Gather.PostfilterMethod:1          ; Median3x3 postfilering method]]
[2025.10.20-01.45.18:796][  0]LogConfig: Setting CVar [[r.DOF.Gather.EnableBokehSettings:0       ; no bokeh simulation when gathering]]
[2025.10.20-01.45.18:796][  0]LogConfig: Setting CVar [[r.DOF.Gather.RingCount:4                 ; medium number of samples when gathering]]
[2025.10.20-01.45.18:796][  0]LogConfig: Setting CVar [[r.DOF.Scatter.ForegroundCompositing:1    ; additive foreground scattering]]
[2025.10.20-01.45.18:796][  0]LogConfig: Setting CVar [[r.DOF.Scatter.BackgroundCompositing:2    ; additive background scattering]]
[2025.10.20-01.45.18:796][  0]LogConfig: Setting CVar [[r.DOF.Scatter.EnableBokehSettings:1      ; bokeh simulation when scattering]]
[2025.10.20-01.45.18:796][  0]LogConfig: Setting CVar [[r.DOF.Scatter.MaxSpriteRatio:0.1         ; only a maximum of 10% of scattered bokeh]]
[2025.10.20-01.45.18:796][  0]LogConfig: Setting CVar [[r.DOF.Recombine.Quality:1                ; cheap slight out of focus]]
[2025.10.20-01.45.18:796][  0]LogConfig: Setting CVar [[r.DOF.Recombine.EnableBokehSettings:0    ; no bokeh simulation on slight out of focus]]
[2025.10.20-01.45.18:796][  0]LogConfig: Setting CVar [[r.DOF.TemporalAAQuality:1                ; more stable temporal accumulation]]
[2025.10.20-01.45.18:796][  0]LogConfig: Setting CVar [[r.DOF.Kernel.MaxForegroundRadius:0.025]]
[2025.10.20-01.45.18:796][  0]LogConfig: Setting CVar [[r.DOF.Kernel.MaxBackgroundRadius:0.025]]
[2025.10.20-01.45.18:796][  0]LogConfig: Applying CVar settings from Section [TextureQuality@3] File [E:/F盘/上传官网/dn-z1/Computer-z1/Saved/Config/Windows/Scalability.ini]
[2025.10.20-01.45.18:796][  0]LogConfig: Setting CVar [[r.Streaming.MipBias:0]]
[2025.10.20-01.45.18:796][  0]LogConfig: Setting CVar [[r.Streaming.AmortizeCPUToGPUCopy:0]]
[2025.10.20-01.45.18:796][  0]LogConfig: Setting CVar [[r.Streaming.MaxNumTexturesToStreamPerFrame:0]]
[2025.10.20-01.45.18:796][  0]LogConfig: Setting CVar [[r.Streaming.Boost:1]]
[2025.10.20-01.45.18:796][  0]LogConfig: Setting CVar [[r.MaxAnisotropy:8]]
[2025.10.20-01.45.18:796][  0]LogConfig: Setting CVar [[r.VT.MaxAnisotropy:8]]
[2025.10.20-01.45.18:796][  0]LogConfig: Setting CVar [[r.Streaming.LimitPoolSizeToVRAM:0]]
[2025.10.20-01.45.18:796][  0]LogConfig: Setting CVar [[r.Streaming.PoolSize:1000]]
[2025.10.20-01.45.18:796][  0]LogConfig: Setting CVar [[r.Streaming.MaxEffectiveScreenSize:0]]
[2025.10.20-01.45.18:796][  0]LogConfig: Applying CVar settings from Section [EffectsQuality@3] File [E:/F盘/上传官网/dn-z1/Computer-z1/Saved/Config/Windows/Scalability.ini]
[2025.10.20-01.45.18:796][  0]LogConfig: Setting CVar [[r.TranslucencyLightingVolumeDim:64]]
[2025.10.20-01.45.18:796][  0]LogConfig: Setting CVar [[r.RefractionQuality:2]]
[2025.10.20-01.45.18:796][  0]LogConfig: Setting CVar [[r.SSR.Quality:3]]
[2025.10.20-01.45.18:796][  0]LogConfig: Setting CVar [[r.SSR.HalfResSceneColor:0]]
[2025.10.20-01.45.18:796][  0]LogConfig: Setting CVar [[r.SceneColorFormat:4]]
[2025.10.20-01.45.18:796][  0]LogConfig: Setting CVar [[r.DetailMode:2]]
[2025.10.20-01.45.18:796][  0]LogConfig: Setting CVar [[r.TranslucencyVolumeBlur:1]]
[2025.10.20-01.45.18:796][  0]LogConfig: Setting CVar [[r.MaterialQualityLevel:1 ; High quality]]
[2025.10.20-01.45.18:796][  0]LogConfig: Setting CVar [[r.AnisotropicMaterials:1]]
[2025.10.20-01.45.18:796][  0]LogConfig: Setting CVar [[r.SSS.Scale:1]]
[2025.10.20-01.45.18:796][  0]LogConfig: Setting CVar [[r.SSS.SampleSet:2]]
[2025.10.20-01.45.18:796][  0]LogConfig: Setting CVar [[r.SSS.Quality:1]]
[2025.10.20-01.45.18:797][  0]LogConfig: Setting CVar [[r.SSS.HalfRes:0]]
[2025.10.20-01.45.18:797][  0]LogConfig: Setting CVar [[r.SSGI.Quality:3]]
[2025.10.20-01.45.18:797][  0]LogConfig: Setting CVar [[r.EmitterSpawnRateScale:1.0]]
[2025.10.20-01.45.18:797][  0]LogConfig: Setting CVar [[r.ParticleLightQuality:2]]
[2025.10.20-01.45.18:797][  0]LogConfig: Setting CVar [[r.SkyAtmosphere.AerialPerspectiveLUT.FastApplyOnOpaque:1 ; Always have FastSkyLUT 1 in this case to avoid wrong sky]]
[2025.10.20-01.45.18:797][  0]LogConfig: Setting CVar [[r.SkyAtmosphere.AerialPerspectiveLUT.SampleCountMaxPerSlice:4]]
[2025.10.20-01.45.18:797][  0]LogConfig: Setting CVar [[r.SkyAtmosphere.AerialPerspectiveLUT.DepthResolution:16.0]]
[2025.10.20-01.45.18:797][  0]LogConfig: Setting CVar [[r.SkyAtmosphere.FastSkyLUT:1]]
[2025.10.20-01.45.18:797][  0]LogConfig: Setting CVar [[r.SkyAtmosphere.FastSkyLUT.SampleCountMin:4.0]]
[2025.10.20-01.45.18:797][  0]LogConfig: Setting CVar [[r.SkyAtmosphere.FastSkyLUT.SampleCountMax:128.0]]
[2025.10.20-01.45.18:797][  0]LogConfig: Setting CVar [[r.SkyAtmosphere.SampleCountMin:4.0]]
[2025.10.20-01.45.18:797][  0]LogConfig: Setting CVar [[r.SkyAtmosphere.SampleCountMax:128.0]]
[2025.10.20-01.45.18:797][  0]LogConfig: Setting CVar [[r.SkyAtmosphere.TransmittanceLUT.UseSmallFormat:0]]
[2025.10.20-01.45.18:797][  0]LogConfig: Setting CVar [[r.SkyAtmosphere.TransmittanceLUT.SampleCount:10.0]]
[2025.10.20-01.45.18:797][  0]LogConfig: Setting CVar [[r.SkyAtmosphere.MultiScatteringLUT.SampleCount:15.0]]
[2025.10.20-01.45.18:797][  0]LogConfig: Setting CVar [[r.SkyLight.RealTimeReflectionCapture:1]]
[2025.10.20-01.45.18:797][  0]LogConfig: Applying CVar settings from Section [FoliageQuality@3] File [E:/F盘/上传官网/dn-z1/Computer-z1/Saved/Config/Windows/Scalability.ini]
[2025.10.20-01.45.18:797][  0]LogConfig: Setting CVar [[foliage.DensityScale:1.0]]
[2025.10.20-01.45.18:797][  0]LogConfig: Setting CVar [[grass.DensityScale:1.0]]
[2025.10.20-01.45.18:797][  0]LogConfig: Applying CVar settings from Section [ShadingQuality@3] File [E:/F盘/上传官网/dn-z1/Computer-z1/Saved/Config/Windows/Scalability.ini]
[2025.10.20-01.45.18:797][  0]LogConfig: Setting CVar [[r.HairStrands.SkyLighting.IntegrationType:2]]
[2025.10.20-01.45.18:797][  0]LogConfig: Setting CVar [[r.HairStrands.SkyAO.SampleCount:4]]
[2025.10.20-01.45.18:797][  0]LogConfig: Setting CVar [[r.HairStrands.Visibility.MSAA.SamplePerPixel:4]]
[2025.10.20-01.45.18:797][  0]LogInit: Selected Device Profile: [Windows]
[2025.10.20-01.45.18:797][  0]LogInit: Applying CVar settings loaded from the selected device profile: [Windows]
[2025.10.20-01.45.18:797][  0]LogHAL: Display: Platform has ~ 32 GB [34160525312 / 34359738368 / 32], which maps to Largest [LargestMinGB=32, LargerMinGB=12, DefaultMinGB=8, SmallerMinGB=6, SmallestMinGB=0)
[2025.10.20-01.45.18:797][  0]LogInit: Going up to parent DeviceProfile []
[2025.10.20-01.45.18:797][  0]LogConfig: Applying CVar settings from Section [ViewDistanceQuality@3] File [E:/F盘/上传官网/dn-z1/Computer-z1/Saved/Config/Windows/Scalability.ini]
[2025.10.20-01.45.18:797][  0]LogConfig: Setting CVar [[r.SkeletalMeshLODBias:0]]
[2025.10.20-01.45.18:797][  0]LogConfig: Setting CVar [[r.ViewDistanceScale:1.0]]
[2025.10.20-01.45.18:797][  0]LogConfig: Applying CVar settings from Section [AntiAliasingQuality@3] File [E:/F盘/上传官网/dn-z1/Computer-z1/Saved/Config/Windows/Scalability.ini]
[2025.10.20-01.45.18:797][  0]LogConfig: Setting CVar [[r.PostProcessAAQuality:4]]
[2025.10.20-01.45.18:797][  0]LogConfig: Applying CVar settings from Section [ShadowQuality@3] File [E:/F盘/上传官网/dn-z1/Computer-z1/Saved/Config/Windows/Scalability.ini]
[2025.10.20-01.45.18:797][  0]LogConfig: Setting CVar [[r.LightFunctionQuality:1]]
[2025.10.20-01.45.18:797][  0]LogConfig: Setting CVar [[r.ShadowQuality:5]]
[2025.10.20-01.45.18:797][  0]LogConfig: Setting CVar [[r.Shadow.CSM.MaxCascades:10]]
[2025.10.20-01.45.18:797][  0]LogConfig: Setting CVar [[r.Shadow.MaxResolution:2048]]
[2025.10.20-01.45.18:797][  0]LogConfig: Setting CVar [[r.Shadow.MaxCSMResolution:2048]]
[2025.10.20-01.45.18:797][  0]LogConfig: Setting CVar [[r.Shadow.RadiusThreshold:0.01]]
[2025.10.20-01.45.18:797][  0]LogConfig: Setting CVar [[r.Shadow.DistanceScale:1.0]]
[2025.10.20-01.45.18:797][  0]LogConfig: Setting CVar [[r.Shadow.CSM.TransitionScale:1.0]]
[2025.10.20-01.45.18:797][  0]LogConfig: Setting CVar [[r.Shadow.PreShadowResolutionFactor:1.0]]
[2025.10.20-01.45.18:797][  0]LogConfig: Setting CVar [[r.DistanceFieldShadowing:1]]
[2025.10.20-01.45.18:797][  0]LogConfig: Setting CVar [[r.DistanceFieldAO:1]]
[2025.10.20-01.45.18:797][  0]LogConfig: Setting CVar [[r.AOQuality:2]]
[2025.10.20-01.45.18:797][  0]LogConfig: Setting CVar [[r.VolumetricFog:1]]
[2025.10.20-01.45.18:797][  0]LogConfig: Setting CVar [[r.VolumetricFog.GridPixelSize:8]]
[2025.10.20-01.45.18:797][  0]LogConfig: Setting CVar [[r.VolumetricFog.GridSizeZ:128]]
[2025.10.20-01.45.18:797][  0]LogConfig: Setting CVar [[r.VolumetricFog.HistoryMissSupersampleCount:4]]
[2025.10.20-01.45.18:797][  0]LogConfig: Setting CVar [[r.LightMaxDrawDistanceScale:1]]
[2025.10.20-01.45.18:797][  0]LogConfig: Setting CVar [[r.CapsuleShadows:1]]
[2025.10.20-01.45.18:797][  0]LogConfig: Applying CVar settings from Section [PostProcessQuality@3] File [E:/F盘/上传官网/dn-z1/Computer-z1/Saved/Config/Windows/Scalability.ini]
[2025.10.20-01.45.18:797][  0]LogConfig: Setting CVar [[r.MotionBlurQuality:4]]
[2025.10.20-01.45.18:797][  0]LogConfig: Setting CVar [[r.AmbientOcclusionMipLevelFactor:0.4]]
[2025.10.20-01.45.18:797][  0]LogConfig: Setting CVar [[r.AmbientOcclusionMaxQuality:100]]
[2025.10.20-01.45.18:797][  0]LogConfig: Setting CVar [[r.AmbientOcclusionLevels:-1]]
[2025.10.20-01.45.18:797][  0]LogConfig: Setting CVar [[r.AmbientOcclusionRadiusScale:1.0]]
[2025.10.20-01.45.18:797][  0]LogConfig: Setting CVar [[r.DepthOfFieldQuality:2]]
[2025.10.20-01.45.18:797][  0]LogConfig: Setting CVar [[r.RenderTargetPoolMin:400]]
[2025.10.20-01.45.18:797][  0]LogConfig: Setting CVar [[r.LensFlareQuality:2]]
[2025.10.20-01.45.18:797][  0]LogConfig: Setting CVar [[r.SceneColorFringeQuality:1]]
[2025.10.20-01.45.18:797][  0]LogConfig: Setting CVar [[r.EyeAdaptationQuality:2]]
[2025.10.20-01.45.18:797][  0]LogConfig: Setting CVar [[r.BloomQuality:5]]
[2025.10.20-01.45.18:797][  0]LogConfig: Setting CVar [[r.FastBlurThreshold:100]]
[2025.10.20-01.45.18:797][  0]LogConfig: Setting CVar [[r.Upscale.Quality:3]]
[2025.10.20-01.45.18:797][  0]LogConfig: Setting CVar [[r.Tonemapper.GrainQuantization:1]]
[2025.10.20-01.45.18:797][  0]LogConfig: Setting CVar [[r.LightShaftQuality:1]]
[2025.10.20-01.45.18:797][  0]LogConfig: Setting CVar [[r.Filter.SizeScale:1]]
[2025.10.20-01.45.18:797][  0]LogConfig: Setting CVar [[r.Tonemapper.Quality:5]]
[2025.10.20-01.45.18:797][  0]LogConfig: Setting CVar [[r.DOF.Gather.AccumulatorQuality:1        ; higher gathering accumulator quality]]
[2025.10.20-01.45.18:797][  0]LogConfig: Setting CVar [[r.DOF.Gather.PostfilterMethod:1          ; Median3x3 postfilering method]]
[2025.10.20-01.45.18:797][  0]LogConfig: Setting CVar [[r.DOF.Gather.EnableBokehSettings:0       ; no bokeh simulation when gathering]]
[2025.10.20-01.45.18:797][  0]LogConfig: Setting CVar [[r.DOF.Gather.RingCount:4                 ; medium number of samples when gathering]]
[2025.10.20-01.45.18:797][  0]LogConfig: Setting CVar [[r.DOF.Scatter.ForegroundCompositing:1    ; additive foreground scattering]]
[2025.10.20-01.45.18:797][  0]LogConfig: Setting CVar [[r.DOF.Scatter.BackgroundCompositing:2    ; additive background scattering]]
[2025.10.20-01.45.18:797][  0]LogConfig: Setting CVar [[r.DOF.Scatter.EnableBokehSettings:1      ; bokeh simulation when scattering]]
[2025.10.20-01.45.18:797][  0]LogConfig: Setting CVar [[r.DOF.Scatter.MaxSpriteRatio:0.1         ; only a maximum of 10% of scattered bokeh]]
[2025.10.20-01.45.18:797][  0]LogConfig: Setting CVar [[r.DOF.Recombine.Quality:1                ; cheap slight out of focus]]
[2025.10.20-01.45.18:797][  0]LogConfig: Setting CVar [[r.DOF.Recombine.EnableBokehSettings:0    ; no bokeh simulation on slight out of focus]]
[2025.10.20-01.45.18:797][  0]LogConfig: Setting CVar [[r.DOF.TemporalAAQuality:1                ; more stable temporal accumulation]]
[2025.10.20-01.45.18:797][  0]LogConfig: Setting CVar [[r.DOF.Kernel.MaxForegroundRadius:0.025]]
[2025.10.20-01.45.18:797][  0]LogConfig: Setting CVar [[r.DOF.Kernel.MaxBackgroundRadius:0.025]]
[2025.10.20-01.45.18:797][  0]LogConfig: Applying CVar settings from Section [TextureQuality@3] File [E:/F盘/上传官网/dn-z1/Computer-z1/Saved/Config/Windows/Scalability.ini]
[2025.10.20-01.45.18:797][  0]LogConfig: Setting CVar [[r.Streaming.MipBias:0]]
[2025.10.20-01.45.18:797][  0]LogConfig: Setting CVar [[r.Streaming.AmortizeCPUToGPUCopy:0]]
[2025.10.20-01.45.18:797][  0]LogConfig: Setting CVar [[r.Streaming.MaxNumTexturesToStreamPerFrame:0]]
[2025.10.20-01.45.18:797][  0]LogConfig: Setting CVar [[r.Streaming.Boost:1]]
[2025.10.20-01.45.18:797][  0]LogConfig: Setting CVar [[r.MaxAnisotropy:8]]
[2025.10.20-01.45.18:797][  0]LogConfig: Setting CVar [[r.VT.MaxAnisotropy:8]]
[2025.10.20-01.45.18:797][  0]LogConfig: Setting CVar [[r.Streaming.LimitPoolSizeToVRAM:0]]
[2025.10.20-01.45.18:797][  0]LogConfig: Setting CVar [[r.Streaming.PoolSize:1000]]
[2025.10.20-01.45.18:797][  0]LogConfig: Setting CVar [[r.Streaming.MaxEffectiveScreenSize:0]]
[2025.10.20-01.45.18:797][  0]LogConfig: Applying CVar settings from Section [EffectsQuality@3] File [E:/F盘/上传官网/dn-z1/Computer-z1/Saved/Config/Windows/Scalability.ini]
[2025.10.20-01.45.18:797][  0]LogConfig: Setting CVar [[r.TranslucencyLightingVolumeDim:64]]
[2025.10.20-01.45.18:797][  0]LogConfig: Setting CVar [[r.RefractionQuality:2]]
[2025.10.20-01.45.18:797][  0]LogConfig: Setting CVar [[r.SSR.Quality:3]]
[2025.10.20-01.45.18:797][  0]LogConfig: Setting CVar [[r.SSR.HalfResSceneColor:0]]
[2025.10.20-01.45.18:797][  0]LogConfig: Setting CVar [[r.SceneColorFormat:4]]
[2025.10.20-01.45.18:797][  0]LogConfig: Setting CVar [[r.DetailMode:2]]
[2025.10.20-01.45.18:797][  0]LogConfig: Setting CVar [[r.TranslucencyVolumeBlur:1]]
[2025.10.20-01.45.18:797][  0]LogConfig: Setting CVar [[r.MaterialQualityLevel:1 ; High quality]]
[2025.10.20-01.45.18:797][  0]LogConfig: Setting CVar [[r.AnisotropicMaterials:1]]
[2025.10.20-01.45.18:797][  0]LogConfig: Setting CVar [[r.SSS.Scale:1]]
[2025.10.20-01.45.18:797][  0]LogConfig: Setting CVar [[r.SSS.SampleSet:2]]
[2025.10.20-01.45.18:797][  0]LogConfig: Setting CVar [[r.SSS.Quality:1]]
[2025.10.20-01.45.18:797][  0]LogConfig: Setting CVar [[r.SSS.HalfRes:0]]
[2025.10.20-01.45.18:797][  0]LogConfig: Setting CVar [[r.SSGI.Quality:3]]
[2025.10.20-01.45.18:797][  0]LogConfig: Setting CVar [[r.EmitterSpawnRateScale:1.0]]
[2025.10.20-01.45.18:797][  0]LogConfig: Setting CVar [[r.ParticleLightQuality:2]]
[2025.10.20-01.45.18:797][  0]LogConfig: Setting CVar [[r.SkyAtmosphere.AerialPerspectiveLUT.FastApplyOnOpaque:1 ; Always have FastSkyLUT 1 in this case to avoid wrong sky]]
[2025.10.20-01.45.18:797][  0]LogConfig: Setting CVar [[r.SkyAtmosphere.AerialPerspectiveLUT.SampleCountMaxPerSlice:4]]
[2025.10.20-01.45.18:797][  0]LogConfig: Setting CVar [[r.SkyAtmosphere.AerialPerspectiveLUT.DepthResolution:16.0]]
[2025.10.20-01.45.18:797][  0]LogConfig: Setting CVar [[r.SkyAtmosphere.FastSkyLUT:1]]
[2025.10.20-01.45.18:797][  0]LogConfig: Setting CVar [[r.SkyAtmosphere.FastSkyLUT.SampleCountMin:4.0]]
[2025.10.20-01.45.18:797][  0]LogConfig: Setting CVar [[r.SkyAtmosphere.FastSkyLUT.SampleCountMax:128.0]]
[2025.10.20-01.45.18:797][  0]LogConfig: Setting CVar [[r.SkyAtmosphere.SampleCountMin:4.0]]
[2025.10.20-01.45.18:797][  0]LogConfig: Setting CVar [[r.SkyAtmosphere.SampleCountMax:128.0]]
[2025.10.20-01.45.18:797][  0]LogConfig: Setting CVar [[r.SkyAtmosphere.TransmittanceLUT.UseSmallFormat:0]]
[2025.10.20-01.45.18:797][  0]LogConfig: Setting CVar [[r.SkyAtmosphere.TransmittanceLUT.SampleCount:10.0]]
[2025.10.20-01.45.18:797][  0]LogConfig: Setting CVar [[r.SkyAtmosphere.MultiScatteringLUT.SampleCount:15.0]]
[2025.10.20-01.45.18:797][  0]LogConfig: Setting CVar [[r.SkyLight.RealTimeReflectionCapture:1]]
[2025.10.20-01.45.18:797][  0]LogConfig: Applying CVar settings from Section [FoliageQuality@3] File [E:/F盘/上传官网/dn-z1/Computer-z1/Saved/Config/Windows/Scalability.ini]
[2025.10.20-01.45.18:797][  0]LogConfig: Setting CVar [[foliage.DensityScale:1.0]]
[2025.10.20-01.45.18:797][  0]LogConfig: Setting CVar [[grass.DensityScale:1.0]]
[2025.10.20-01.45.18:797][  0]LogConfig: Applying CVar settings from Section [ShadingQuality@3] File [E:/F盘/上传官网/dn-z1/Computer-z1/Saved/Config/Windows/Scalability.ini]
[2025.10.20-01.45.18:797][  0]LogConfig: Setting CVar [[r.HairStrands.SkyLighting.IntegrationType:2]]
[2025.10.20-01.45.18:797][  0]LogConfig: Setting CVar [[r.HairStrands.SkyAO.SampleCount:4]]
[2025.10.20-01.45.18:797][  0]LogConfig: Setting CVar [[r.HairStrands.Visibility.MSAA.SamplePerPixel:4]]
[2025.10.20-01.45.18:798][  0]LogConfig: Applying CVar settings from Section [Startup] File [../../../Engine/Config/ConsoleVariables.ini]
[2025.10.20-01.45.18:798][  0]LogConfig: Setting CVar [[net.UseAdaptiveNetUpdateFrequency:0]]
[2025.10.20-01.45.18:798][  0]LogConfig: Setting CVar [[p.chaos.AllowCreatePhysxBodies:1]]
[2025.10.20-01.45.18:798][  0]LogConfig: Setting CVar [[fx.SkipVectorVMBackendOptimizations:1]]
[2025.10.20-01.45.18:798][  0]LogConfig: Applying CVar settings from Section [ConsoleVariables] File [E:/F盘/上传官网/dn-z1/Computer-z1/Saved/Config/Windows/Engine.ini]
[2025.10.20-01.45.18:798][  0]LogConfig: Applying CVar settings from Section [ConsoleVariables] File [E:/F盘/上传官网/dn-z1/Computer-z1/Saved/Config/Windows/Editor.ini]
[2025.10.20-01.45.18:798][  0]LogInit: Computer: NEW
[2025.10.20-01.45.18:798][  0]LogInit: User: Administrator
[2025.10.20-01.45.18:798][  0]LogInit: CPU Page size=4096, Cores=6
[2025.10.20-01.45.18:798][  0]LogInit: High frequency timer resolution =10.000000 MHz
[2025.10.20-01.45.18:798][  0]LogMemory: Memory total: Physical=31.8GB (32GB approx)
[2025.10.20-01.45.18:798][  0]LogMemory: Platform Memory Stats for Windows
[2025.10.20-01.45.18:798][  0]LogMemory: Process Physical Memory: 146.96 MB used, 146.96 MB peak
[2025.10.20-01.45.18:798][  0]LogMemory: Process Virtual Memory: 121.89 MB used, 121.89 MB peak
[2025.10.20-01.45.18:798][  0]LogMemory: Physical Memory: 10148.32 MB used,  22429.70 MB free, 32578.02 MB total
[2025.10.20-01.45.18:798][  0]LogMemory: Virtual Memory: 134179912.00 MB used,  37817.59 MB free, 134217728.00 MB total
[2025.10.20-01.45.18:799][  0]LogWindows: WindowsPlatformFeatures enabled
[2025.10.20-01.45.18:849][  0]LogInit: Physics initialised using underlying interface: PhysX
[2025.10.20-01.45.18:849][  0]LogInit: Using OS detected language (zh-CN).
[2025.10.20-01.45.18:849][  0]LogInit: Using OS detected locale (zh-CN).
[2025.10.20-01.45.18:851][  0]LogTextLocalizationManager: No specific localization for 'zh-CN' exists, so the 'zh-Hans' localization will be used.
[2025.10.20-01.45.18:928][  0]LogTextLocalizationResource: LocRes '../../../Engine/Content/Localization/Editor/zh/Editor.locres' could not be opened for reading!
[2025.10.20-01.45.18:929][  0]LogTextLocalizationResource: LocRes '../../../Engine/Content/Localization/EditorTutorials/zh/EditorTutorials.locres' could not be opened for reading!
[2025.10.20-01.45.18:929][  0]LogTextLocalizationResource: LocRes '../../../Engine/Content/Localization/Keywords/zh/Keywords.locres' could not be opened for reading!
[2025.10.20-01.45.18:929][  0]LogTextLocalizationResource: LocRes '../../../Engine/Content/Localization/Category/zh/Category.locres' could not be opened for reading!
[2025.10.20-01.45.18:929][  0]LogTextLocalizationResource: LocRes '../../../Engine/Content/Localization/ToolTips/zh/ToolTips.locres' could not be opened for reading!
[2025.10.20-01.45.18:929][  0]LogTextLocalizationResource: LocRes '../../../Engine/Content/Localization/PropertyNames/zh/PropertyNames.locres' could not be opened for reading!
[2025.10.20-01.45.18:929][  0]LogTextLocalizationResource: LocRes '../../../Engine/Content/Localization/Engine/zh/Engine.locres' could not be opened for reading!
[2025.10.20-01.45.18:929][  0]LogTextLocalizationResource: LocRes '../../../Engine/Plugins/Online/OnlineSubsystem/Content/Localization/OnlineSubsystem/zh/OnlineSubsystem.locres' could not be opened for reading!
[2025.10.20-01.45.18:929][  0]LogTextLocalizationResource: LocRes '../../../Engine/Plugins/Online/OnlineSubsystemUtils/Content/Localization/OnlineSubsystemUtils/zh/OnlineSubsystemUtils.locres' could not be opened for reading!
[2025.10.20-01.45.18:929][  0]LogTextLocalizationResource: LocRes '../../../Engine/Plugins/Online/Android/OnlineSubsystemGooglePlay/Content/Localization/OnlineSubsystemGooglePlay/zh/OnlineSubsystemGooglePlay.locres' could not be opened for reading!
[2025.10.20-01.45.18:929][  0]LogTextLocalizationResource: LocRes '../../../Engine/Plugins/Online/IOS/OnlineSubsystemIOS/Content/Localization/OnlineSubsystemIOS/zh/OnlineSubsystemIOS.locres' could not be opened for reading!
[2025.10.20-01.45.18:965][  0]LogInit: Setting process to per monitor DPI aware
[2025.10.20-01.45.18:974][  0]LogWindowsTextInputMethodSystem: Display: IME system deactivated.
[2025.10.20-01.45.18:985][  0]LogSlate: New Slate User Created.  User Index 0, Is Virtual User: 0
[2025.10.20-01.45.18:985][  0]LogSlate: Slate User Registered.  User Index 0, Is Virtual User: 0
[2025.10.20-01.45.31:162][  0]LogD3D11RHI: Loaded GFSDK_Aftermath_Lib.x64.dll
[2025.10.20-01.45.31:174][  0]LogHMD: Failed to initialize OpenVR with code 110
[2025.10.20-01.45.31:174][  0]LogD3D11RHI: D3D11 min allowed feature level: 11_0
[2025.10.20-01.45.31:174][  0]LogD3D11RHI: D3D11 max allowed feature level: 11_0
[2025.10.20-01.45.31:174][  0]LogD3D11RHI: D3D11 adapters:
[2025.10.20-01.45.31:352][  0]LogD3D11RHI:    0. 'NVIDIA GeForce GTX 1660' (Feature Level 11_0)
[2025.10.20-01.45.31:352][  0]LogD3D11RHI:       5966/0/16289 MB DedicatedVideo/DedicatedSystem/SharedSystem, Outputs:1, VendorId:0x10de
[2025.10.20-01.45.31:354][  0]LogD3D11RHI:    1. 'Microsoft Basic Render Driver' (Feature Level 11_0)
[2025.10.20-01.45.31:354][  0]LogD3D11RHI:       0/0/16289 MB DedicatedVideo/DedicatedSystem/SharedSystem, Outputs:0, VendorId:0x1414
[2025.10.20-01.45.31:485][  0]LogD3D11RHI:    2. 'NVIDIA GeForce GTX 1660' (Feature Level 11_0)
[2025.10.20-01.45.31:485][  0]LogD3D11RHI:       5966/0/16289 MB DedicatedVideo/DedicatedSystem/SharedSystem, Outputs:0, VendorId:0x10de
[2025.10.20-01.45.31:485][  0]LogD3D11RHI: Chosen D3D11 Adapter:
[2025.10.20-01.45.31:485][  0]LogD3D11RHI:     Description : NVIDIA GeForce GTX 1660
[2025.10.20-01.45.31:485][  0]LogD3D11RHI:     VendorId    : 10de
[2025.10.20-01.45.31:485][  0]LogD3D11RHI:     DeviceId    : 2184
[2025.10.20-01.45.31:485][  0]LogD3D11RHI:     SubSysId    : 155119da
[2025.10.20-01.45.31:485][  0]LogD3D11RHI:     Revision    : 00a1
[2025.10.20-01.45.31:485][  0]LogD3D11RHI:     DedicatedVideoMemory : 6255804416 bytes
[2025.10.20-01.45.31:485][  0]LogD3D11RHI:     DedicatedSystemMemory : 0 bytes
[2025.10.20-01.45.31:485][  0]LogD3D11RHI:     SharedSystemMemory : 17080262656 bytes
[2025.10.20-01.45.31:485][  0]LogD3D11RHI:     AdapterLuid : 0 62190
[2025.10.20-01.45.31:490][  0]LogD3D11RHI: Creating new Direct3DDevice
[2025.10.20-01.45.31:490][  0]LogD3D11RHI:     GPU DeviceId: 0x2184 (for the marketing name, search the web for "GPU Device Id")
[2025.10.20-01.45.31:490][  0]LogWindows: EnumDisplayDevices:
[2025.10.20-01.45.31:490][  0]LogWindows:    0. 'NVIDIA GeForce GTX 1660' (P:1 D:1)
[2025.10.20-01.45.31:490][  0]LogWindows:    1. 'NVIDIA GeForce GTX 1660' (P:0 D:0)
[2025.10.20-01.45.31:491][  0]LogWindows:    2. 'NVIDIA GeForce GTX 1660' (P:0 D:0)
[2025.10.20-01.45.31:491][  0]LogWindows:    3. 'NVIDIA GeForce GTX 1660' (P:0 D:0)
[2025.10.20-01.45.31:491][  0]LogWindows:    4. 'OrayIddDriver Device' (P:0 D:0)
[2025.10.20-01.45.31:491][  0]LogWindows:    5. 'OrayIddDriver Device' (P:0 D:0)
[2025.10.20-01.45.31:491][  0]LogWindows:    6. 'OrayIddDriver Device' (P:0 D:0)
[2025.10.20-01.45.31:492][  0]LogWindows:    7. 'OrayIddDriver Device' (P:0 D:0)
[2025.10.20-01.45.31:492][  0]LogWindows:    8. 'OrayIddDriver Device' (P:0 D:0)
[2025.10.20-01.45.31:492][  0]LogWindows:    9. 'OrayIddDriver Device' (P:0 D:0)
[2025.10.20-01.45.31:492][  0]LogWindows:    10. 'OrayIddDriver Device' (P:0 D:0)
[2025.10.20-01.45.31:493][  0]LogWindows:    11. 'OrayIddDriver Device' (P:0 D:0)
[2025.10.20-01.45.31:493][  0]LogWindows:    12. 'OrayIddDriver Device' (P:0 D:0)
[2025.10.20-01.45.31:493][  0]LogWindows:    13. 'OrayIddDriver Device' (P:0 D:0)
[2025.10.20-01.45.31:493][  0]LogWindows: DebugString: GetVideoDriverDetailsInvalid PrimaryIsNotTheChoosenAdapter GetVideoDriverDetailsInvalid PrimaryIsNotTheChoosenAdapter GetVideoDriverDetailsInvalid PrimaryIsNotTheChoosenAdapter GetVideoDriverDetailsInvalid PrimaryIsNotTheChoosenAdapter GetVideoDriverDetailsInvalid PrimaryIsNotTheChoosenAdapter GetVideoDriverDetailsInvalid PrimaryIsNotTheChoosenAdapter GetVideoDriverDetailsInvalid PrimaryIsNotTheChoosenAdapter GetVideoDriverDetailsInvalid PrimaryIsNotTheChoosenAdapter GetVideoDriverDetailsInvalid PrimaryIsNotTheChoosenAdapter GetVideoDriverDetailsInvalid PrimaryIsNotTheChoosenAdapter FoundDriverCount:4 
[2025.10.20-01.45.31:493][  0]LogD3D11RHI:     Adapter Name: NVIDIA GeForce GTX 1660
[2025.10.20-01.45.31:493][  0]LogD3D11RHI:   Driver Version: 576.88 (internal:32.0.15.7688, unified:576.88)
[2025.10.20-01.45.31:493][  0]LogD3D11RHI:      Driver Date: 6-24-2025
[2025.10.20-01.45.31:493][  0]LogRHI: Texture pool is 4176 MB (70% of 5966 MB)
[2025.10.20-01.45.31:493][  0]LogD3D11RHI: Creating D3DDevice using adapter:
[2025.10.20-01.45.31:493][  0]LogD3D11RHI:     Description : NVIDIA GeForce GTX 1660
[2025.10.20-01.45.31:493][  0]LogD3D11RHI:     VendorId    : 10de
[2025.10.20-01.45.31:493][  0]LogD3D11RHI:     DeviceId    : 2184
[2025.10.20-01.45.31:493][  0]LogD3D11RHI:     SubSysId    : 155119da
[2025.10.20-01.45.31:493][  0]LogD3D11RHI:     Revision    : 00a1
[2025.10.20-01.45.31:493][  0]LogD3D11RHI:     DedicatedVideoMemory : 6255804416 bytes
[2025.10.20-01.45.31:493][  0]LogD3D11RHI:     DedicatedSystemMemory : 0 bytes
[2025.10.20-01.45.31:493][  0]LogD3D11RHI:     SharedSystemMemory : 17080262656 bytes
[2025.10.20-01.45.31:493][  0]LogD3D11RHI:     AdapterLuid : 0 62190
[2025.10.20-01.45.31:612][  0]LogD3D11RHI: RHI has support for 64 bit atomics
[2025.10.20-01.45.31:613][  0]LogD3D11RHI: Async texture creation enabled
[2025.10.20-01.45.31:613][  0]LogD3D11RHI: Array index from any shader is supported
[2025.10.20-01.45.31:625][  0]LogD3D11RHI: GPU Timing Frequency: 1000.000000 (Debug: 2 1)
[2025.10.20-01.45.31:657][  0]LogRHI: GeForceNow SDK initialized: 1
[2025.10.20-01.45.31:949][  0]LogTargetPlatformManager: Display: Loaded TargetPlatform 'AllDesktop'
[2025.10.20-01.45.31:963][  0]LogTargetPlatformManager: Display: Loaded TargetPlatform 'Android'
[2025.10.20-01.45.31:963][  0]LogTargetPlatformManager: Display: Loaded TargetPlatform 'Android_ASTC'
[2025.10.20-01.45.31:963][  0]LogTargetPlatformManager: Display: Loaded TargetPlatform 'Android_DXT'
[2025.10.20-01.45.31:963][  0]LogTargetPlatformManager: Display: Loaded TargetPlatform 'Android_ETC2'
[2025.10.20-01.45.31:963][  0]LogTargetPlatformManager: Display: Loaded TargetPlatform 'AndroidClient'
[2025.10.20-01.45.31:963][  0]LogTargetPlatformManager: Display: Loaded TargetPlatform 'Android_ASTCClient'
[2025.10.20-01.45.31:963][  0]LogTargetPlatformManager: Display: Loaded TargetPlatform 'Android_DXTClient'
[2025.10.20-01.45.31:963][  0]LogTargetPlatformManager: Display: Loaded TargetPlatform 'Android_ETC2Client'
[2025.10.20-01.45.31:963][  0]LogTargetPlatformManager: Display: Loaded TargetPlatform 'Android_Multi'
[2025.10.20-01.45.31:963][  0]LogTargetPlatformManager: Display: Loaded TargetPlatform 'Android_MultiClient'
[2025.10.20-01.45.31:976][  0]LogTargetPlatformManager: Display: Loaded TargetPlatform 'IOSClient'
[2025.10.20-01.45.31:977][  0]LogTargetPlatformManager: Display: Loaded TargetPlatform 'IOS'
[2025.10.20-01.45.31:983][  0]LogTargetPlatformManager: Display: Loaded TargetPlatform 'Linux'
[2025.10.20-01.45.31:987][  0]LogTargetPlatformManager: Display: Loaded TargetPlatform 'LinuxNoEditor'
[2025.10.20-01.45.31:990][  0]LogTargetPlatformManager: Display: Loaded TargetPlatform 'LinuxClient'
[2025.10.20-01.45.31:993][  0]LogTargetPlatformManager: Display: Loaded TargetPlatform 'LinuxServer'
[2025.10.20-01.45.31:999][  0]LogTargetPlatformManager: Display: Loaded TargetPlatform 'LinuxAArch64NoEditor'
[2025.10.20-01.45.32:003][  0]LogTargetPlatformManager: Display: Loaded TargetPlatform 'LinuxAArch64Client'
[2025.10.20-01.45.32:006][  0]LogTargetPlatformManager: Display: Loaded TargetPlatform 'LinuxAArch64Server'
[2025.10.20-01.45.32:021][  0]LogTargetPlatformManager: Display: Loaded TargetPlatform 'Lumin'
[2025.10.20-01.45.32:021][  0]LogTargetPlatformManager: Display: Loaded TargetPlatform 'LuminClient'
[2025.10.20-01.45.32:027][  0]LogTargetPlatformManager: Display: Loaded TargetPlatform 'MacNoEditor'
[2025.10.20-01.45.32:031][  0]LogTargetPlatformManager: Display: Loaded TargetPlatform 'Mac'
[2025.10.20-01.45.32:034][  0]LogTargetPlatformManager: Display: Loaded TargetPlatform 'MacClient'
[2025.10.20-01.45.32:038][  0]LogTargetPlatformManager: Display: Loaded TargetPlatform 'MacServer'
[2025.10.20-01.45.32:045][  0]LogTargetPlatformManager: Display: Loaded TargetPlatform 'TVOSClient'
[2025.10.20-01.45.32:045][  0]LogTargetPlatformManager: Display: Loaded TargetPlatform 'TVOS'
[2025.10.20-01.45.32:051][  0]LogTargetPlatformManager: Display: Loaded TargetPlatform 'WindowsNoEditor'
[2025.10.20-01.45.32:054][  0]LogTargetPlatformManager: Display: Loaded TargetPlatform 'Windows'
[2025.10.20-01.45.32:058][  0]LogTargetPlatformManager: Display: Loaded TargetPlatform 'WindowsClient'
[2025.10.20-01.45.32:061][  0]LogTargetPlatformManager: Display: Loaded TargetPlatform 'WindowsServer'
[2025.10.20-01.45.32:061][  0]LogTargetPlatformManager: Display: Building Assets For Windows
[2025.10.20-01.45.32:067][  0]LogAudioDebug: Display: Lib vorbis DLL was dynamically loaded.
[2025.10.20-01.45.32:092][  0]LogTextureFormatOodle: Display: Oodle Texture 2.9.0 init RDO Off
[2025.10.20-01.45.32:118][  0]LogRendererCore: Ray tracing is disabled. Reason: r.RayTracing=0.
[2025.10.20-01.45.32:118][  0]LogShaderCompilers: Guid format shader working directory is 25 characters bigger than the processId version (E:/F盘/上传官网/dn-z1/Computer-z1/Intermediate/Shaders/WorkingDirectory/29452/).
[2025.10.20-01.45.32:119][  0]LogShaderCompilers: Cleaned the shader compiler working directory 'C:/Users/Administrator/AppData/Local/Temp/UnrealShaderWorkingDir/35D48D094EDF35FBFB568EA7C87B6832/'.
[2025.10.20-01.45.32:119][  0]LogXGEController: Cannot use XGE Controller as Incredibuild is not installed on this machine.
[2025.10.20-01.45.32:119][  0]LogShaderCompilers: Cannot use XGE Shader Compiler as Incredibuild is not installed on this machine.
[2025.10.20-01.45.32:119][  0]LogShaderCompilers: Display: Using Local Shader Compiler.
[2025.10.20-01.45.32:697][  0]LogDerivedDataCache: Display: Max Cache Size: 512 MB
[2025.10.20-01.45.32:741][  0]LogDerivedDataCache: Loaded boot cache 0.04s 94MB C:/Users/Administrator/AppData/Local/UnrealEngine/4.27/DerivedDataCache/Boot.ddc.
[2025.10.20-01.45.32:741][  0]LogDerivedDataCache: Display: Loaded Boot cache: C:/Users/Administrator/AppData/Local/UnrealEngine/4.27/DerivedDataCache/Boot.ddc
[2025.10.20-01.45.32:741][  0]LogDerivedDataCache: FDerivedDataBackendGraph:  Pak pak cache file E:/F盘/上传官网/dn-z1/Computer-z1/DerivedDataCache/DDC.ddp not found, will not use a pak cache.
[2025.10.20-01.45.32:741][  0]LogDerivedDataCache: Unable to find inner node Pak for hierarchical cache Hierarchy.
[2025.10.20-01.45.32:741][  0]LogDerivedDataCache: FDerivedDataBackendGraph:  CompressedPak pak cache file E:/F盘/上传官网/dn-z1/Computer-z1/DerivedDataCache/Compressed.ddp not found, will not use a pak cache.
[2025.10.20-01.45.32:741][  0]LogDerivedDataCache: Unable to find inner node CompressedPak for hierarchical cache Hierarchy.
[2025.10.20-01.45.32:755][  0]LogDerivedDataCache: Display: Pak cache opened for reading ../../../Engine/DerivedDataCache/Compressed.ddp.
[2025.10.20-01.45.32:755][  0]LogDerivedDataCache: FDerivedDataBackendGraph:  EnterprisePak pak cache file ../../../Enterprise/DerivedDataCache/Compressed.ddp not found, will not use a pak cache.
[2025.10.20-01.45.32:755][  0]LogDerivedDataCache: Unable to find inner node EnterprisePak for hierarchical cache Hierarchy.
[2025.10.20-01.45.32:762][  0]LogDerivedDataCache: Speed tests for C:/Users/Administrator/AppData/Local/UnrealEngine/Common/DerivedDataCache took 0.01 seconds
[2025.10.20-01.45.32:762][  0]LogDerivedDataCache: Display: Performance to C:/Users/Administrator/AppData/Local/UnrealEngine/Common/DerivedDataCache: Latency=0.05ms. RandomReadSpeed=1245.23MBs, RandomWriteSpeed=156.15MBs. Assigned SpeedClass 'Local'
[2025.10.20-01.45.32:763][  0]LogDerivedDataCache: Using Local data cache path C:/Users/Administrator/AppData/Local/UnrealEngine/Common/DerivedDataCache: Writable
[2025.10.20-01.45.32:763][  0]LogDerivedDataCache: Shared data cache path not found in *engine.ini, will not use an Shared cache.
[2025.10.20-01.45.32:763][  0]LogDerivedDataCache: Unable to find inner node Shared for hierarchical cache Hierarchy.
[2025.10.20-01.45.32:794][  0]LogSlate: Using FreeType 2.10.0
[2025.10.20-01.45.32:795][  0]LogSlate: SlateFontServices - WITH_FREETYPE: 1, WITH_HARFBUZZ: 1
[2025.10.20-01.45.32:816][  0]LogAssetRegistry: FAssetRegistry took 0.0022 seconds to start up
[2025.10.20-01.45.32:969][  0]LogInit: Selected Device Profile: [Windows]
[2025.10.20-01.45.32:969][  0]LogInit: Active device profile: [00000279EA796C00][00000279E9BF0500 49] Windows
[2025.10.20-01.45.32:969][  0]LogInit: Profiles: [00000279EA796C00][00000279E9BF0500 49] Windows, [00000279EA6A8200][00000279E9C22640 49] WindowsNoEditor, [00000279EA673F00][00000279E9C26780 49] WindowsServer, [00000279EA6ABE00][00000279E9C2E900 49] WindowsClient, [00000279EA670300][00000279E9C32A80 49] IOS, [00000279EA6A8100][00000279E9C36C00 49] iPadAir, [00000279EA670200][00000279E9C3AD80 49] iPadAir2, [00000279EA5ED100][00000279E9C43040 49] IPadPro, [00000279EA5ED200][00000279E9C3F080 49] iPadAir3, [00000279EA671D00][00000279E9C47200 49] iPadAir4, [00000279EA5EC400][00000279E9C4B380 49] iPadMini2, [00000279EA670E00][00000279E9C57500 49] iPadMini3, [00000279EA5ED600][00000279E9C5B680 49] iPadMini4, [00000279EA670900][00000279E9C5F800 49] iPadMini5, [00000279EA6AAE00][00000279E9C67AC0 49] iPhone6, [00000279EA6AB000][00000279E9C63B00 49] iPodTouch6, [00000279EA5EFE00][00000279DA810240 49] iPhone7, [00000279EA5EFA00][00000279E9C6A280 49] iPodTouch7, [00000279EA6ABA00][00000279DA814400 49] iPhone5S, [00000279EA5ECE00][00000279E9C2A540 49] iPhone6Plus, [00000279EA6AAA00][00000279DA818680 49] iPhone6S, [00000279EA5EF600][00000279DA81C7C0 49] iPhone6SPlus, [00000279EA6AB400][00000279DA820900 49] iPhone7Plus, [00000279EA5EF500][00000279DA828A80 49] iPhoneSE, [00000279EA6ABF00][00000279DA82CC00 49] iPhone8, [00000279EA5EF200][00000279EACBCD80 49] iPhone8Plus, [00000279EA6A9000][00000279EACC0F00 49] iPhoneX, [00000279EA5EDD00][00000279EACC5080 49] iPhoneXS, [00000279EA6AA300][00000279EACC9200 49] iPhoneXSMax, [00000279EA5EEF00][00000279EACCD380 49] iPhoneXR, [00000279EA6A8F00][00000279EACD1500 49] iPhone11, [00000279EA5EE000][00000279EACD5680 49] iPhone11Pro, [00000279EA6A9E00][00000279EACD9800 49] iPhone11ProMax, [00000279EA5ED500][00000279EACDD980 49] iPhoneSE2, [00000279EA6A9900][00000279EACE1B00 49] iPhone12Mini, [00000279EA5ECB00][00000279EAD30100 49] iPhone12, [00000279EA6AAF00][00000279EAD38280 49] iPhone12Pro, [00000279EA5EFB00][00000279EAD3C400 49] iPhone12ProMax, [00000279EA6AB800][00000279EAD40580 49] iPadPro105, [00000279EA5EC300][00000279EAD44700 49] iPadPro129, [00000279EA6AA800][00000279DA824840 49] iPadPro97, [00000279EA5EE500][00000279EAD48980 49] iPadPro2_129, [00000279EA6AAD00][00000279EAD4CAC0 49] iPad5, [00000279EA5EDC00][00000279EAD54C40 49] iPad6, [00000279EA6A9A00][00000279EAD58DC0 49] iPad7, [00000279EA5EF000][00000279EAD5CF40 49] iPad8, [00000279EA6A9700][00000279EAD610C0 49] iPadPro11, [00000279EA5ED300][00000279EAD69240 49] iPadPro2_11, [00000279EA6ABD00][00000279EAE0B3C0 49] iPadPro3_129, [00000279EA5ECC00][00000279EAE0F540 49] iPadPro4_129, [00000279EA6AA700][00000279EAE136C0 49] AppleTV, [00000279EA5EE300][00000279EAE17840 49] AppleTV4K, [00000279EA6A8D00][00000279EAE1B9C0 49] TVOS, [00000279EA5EDE00][00000279EAE1FB40 49] Mac, [00000279EA6AAC00][00000279EAE52140 49] MacClient, [00000279EA5EED00][00000279EAE962C0 49] MacNoEditor, [00000279EA6A9C00][00000279EAECA440 49] MacServer, [00000279EA5EC100][00000279EAED25C0 49] Linux, [00000279EA6AA900][00000279EAED6740 49] LinuxAArch64, [00000279EA5ECD00][00000279EAEDA8C0 49] LinuxNoEditor, [00000279EA6A9600][00000279EAD50A00 49] LinuxAArch64NoEditor, [00000279EA5EF300][00000279EAF5EB40 49] LinuxClient, [00000279EA6AAB00][00000279EAF62C80 49] LinuxAArch64Client, [00000279EA5EC600][00000279EAF66DC0 49] LinuxServer, [00000279EA6AA200][00000279EAF6EF40 49] LinuxAArch64Server, [00000279EA5ECF00][00000279EAF730C0 49] Android, [00000279EA6A8700][00000279EAF77240 49] Android_Low, [00000279EA5EC500][00000279EAF833C0 49] Android_Mid, [00000279EA6AA600][00000279EAF87540 49] Android_High, [00000279EA5EE700][00000279EAF8B6C0 49] Android_Default, [00000279EA673900][00000279EAF8F840 49] Android_Adreno4xx, [00000279EA795400][00000279EAF939C0 49] Android_Adreno5xx_Low, [00000279EA672E00][00000279EAF97B40 49] Android_Adreno5xx, [00000279EA794B00][00000279EAF9A140 49] Android_Adreno6xx, [00000279EA672B00][00000279EAF9E2C0 49] Android_Adreno6xx_Vulkan, [00000279EA796400][00000279EAFA2440 49] Android_Mali_T6xx, [00000279EA671900][00000279EAFA65C0 49] Android_Mali_T7xx, [00000279EA794100][00000279EAFAA740 49] Android_Mali_T8xx, [00000279EA671100][00000279EAFAE8C0 49] Android_Mali_G71, [00000279EA796200][00000279EAFB2A40 49] Android_Mali_G72, [00000279EA671A00][00000279EAF6AB80 49] Android_Mali_G72_Vulkan, [00000279EA795100][00000279EAFB6CC0 49] Android_Mali_G76, [00000279EA673100][00000279EAFBAE00 49] Android_Mali_G76_Vulkan, [00000279EA795D00][00000279EAFBEF40 49] Android_Mali_G77, [00000279EA671F00][00000279EAFC70C0 49] Android_Mali_G77_Vulkan, [00000279EA795000][00000279EAFCB240 49] Android_Mali_G78, [00000279EA672D00][00000279EAFCF3C0 49] Android_Mali_G78_Vulkan, [00000279EA797000][00000279EAFD3540 49] Android_Mali_G710, [00000279EA673800][00000279EAFD76C0 49] Android_Mali_G710_Vulkan, [00000279EA795E00][00000279EAFDB840 49] Android_Vulkan_SM5, [00000279EA671800][00000279EAFDF9C0 49] Android_PowerVR_G6xxx, [00000279EA794500][00000279EAFE3B40 49] Android_PowerVR_GT7xxx, [00000279EA672900][00000279EAFE6140 49] Android_PowerVR_GE8xxx, [00000279EA795200][00000279EAFEA2C0 49] Android_PowerVR_GM9xxx, [00000279EA5ED000][00000279EAFEE440 49] Android_PowerVR_GM9xxx_Vulkan, [00000279EA794A00][00000279EAFF25C0 49] Android_TegraK1, [00000279EA5EEB00][00000279EAFF6740 49] Android_Unknown_Vulkan, [00000279EA796A00][00000279EAFFA8C0 49] Lumin, [00000279EA5EFF00][00000279EAFFEA40 49] Lumin_Desktop, [00000279EA795300][00000279EB002BC0 49] HoloLens, 
[2025.10.20-01.45.33:061][  0]LogMeshReduction: Using QuadricMeshReduction for automatic static mesh reduction
[2025.10.20-01.45.33:061][  0]LogMeshReduction: Using SimplygonMeshReduction for automatic skeletal mesh reduction
[2025.10.20-01.45.33:061][  0]LogMeshReduction: Using ProxyLODMeshReduction for automatic mesh merging
[2025.10.20-01.45.33:061][  0]LogMeshReduction: No distributed automatic mesh merging module available
[2025.10.20-01.45.33:061][  0]LogMeshMerging: No distributed automatic mesh merging module available
[2025.10.20-01.45.33:073][  0]LogNetVersion: model 1.0.0, NetCL: 17155196, EngineNetVer: 17, GameNetVer: 0 (Checksum: 3530826561)
[2025.10.20-01.45.33:354][  0]LogTexture: Default maximum texture size for cubemaps generated from long-lat sources has been changed from 512 to unlimited. In order to preserve old behaiour for '/Engine/MapTemplates/Sky/DaylightAmbientCubemap.DaylightAmbientCubemap', its maximum texture size has been explicitly set to 512.
[2025.10.20-01.45.33:394][  0]LogHMD: PokeAHoleMaterial loaded successfully
[2025.10.20-01.45.33:397][  0]LogUObjectArray: 17178 objects as part of root set at end of initial load.
[2025.10.20-01.45.33:397][  0]LogUObjectAllocator: 4302048 out of 0 bytes used by permanent object pool.
[2025.10.20-01.45.33:397][  0]LogUObjectArray: CloseDisregardForGC: 0/0 objects in disregard for GC pool
[2025.10.20-01.45.33:524][  0]LogNiagaraDebuggerClient: Niagara Debugger Client Initialized | Session: A0F571D547B92F14FCA2B0BAC8B98CAB | Instance: D795BD3A4847D9915A68119CE78F5E6F (NEW-29452).
[2025.10.20-01.45.33:693][  0]LogPython: Using Python 3.7.7
[2025.10.20-01.45.47:299][  0]LogUdpMessaging: Initializing bridge on interface 0.0.0.0:0 to multicast group 230.0.0.1:6666.
[2025.10.20-01.45.47:306][  0]LogTcpMessaging: Initializing TcpMessaging bridge
[2025.10.20-01.45.47:421][  0]SourceControl: 源码管理已禁用
[2025.10.20-01.45.47:421][  0]SourceControl: 源码管理已禁用
[2025.10.20-01.45.47:424][  0]SourceControl: 源码管理已禁用
[2025.10.20-01.45.47:427][  0]SourceControl: 源码管理已禁用
[2025.10.20-01.45.47:438][  0]SourceControl: 源码管理已禁用
[2025.10.20-01.45.47:441][  0]LogUProjectInfo: Found projects:
[2025.10.20-01.45.47:447][  0]LogVSAccessor: Display: Unable to create Visual Studio setup instance: 80040154
[2025.10.20-01.45.47:447][  0]LogVSAccessor: Display: Unable to create Visual Studio setup instance: 80040154
[2025.10.20-01.45.47:447][  0]LogVSAccessor: Display: Unable to create Visual Studio setup instance: 80040154
[2025.10.20-01.45.47:644][  0]LogOpenImageDenoise: OIDN starting up
[2025.10.20-01.45.47:655][  0]LogAndroidPermission: UAndroidPermissionCallbackProxy::GetInstance
[2025.10.20-01.45.47:666][  0]LogAudioCaptureCore: Display: No Audio Capture implementations found. Audio input will be silent.
[2025.10.20-01.45.47:666][  0]LogAudioCaptureCore: Display: No Audio Capture implementations found. Audio input will be silent.
[2025.10.20-01.45.47:771][  0]LogCollectionManager: Loaded 0 collections in 0.000503 seconds
[2025.10.20-01.45.47:791][  0]LogFileCache: Scanning file cache for directory 'E:/F盘/上传官网/dn-z1/Computer-z1/Saved/Collections/' took 0.00s
[2025.10.20-01.45.47:791][  0]LogFileCache: Scanning file cache for directory 'E:/F盘/上传官网/dn-z1/Computer-z1/Content/Developers/Administrator/Collections/' took 0.00s
[2025.10.20-01.45.47:791][  0]LogFileCache: Scanning file cache for directory 'E:/F盘/上传官网/dn-z1/Computer-z1/Content/Collections/' took 0.00s
[2025.10.20-01.45.47:791][  0]LogOcInput: OculusInput pre-init called
[2025.10.20-01.45.47:986][  0]LogEngine: Initializing Engine...
[2025.10.20-01.45.47:988][  0]LogHMD: Failed to enumerate extensions. Please check that you have a valid OpenXR runtime installed.
[2025.10.20-01.45.47:989][  0]LogHMD: Failed to initialize OpenVR with code 110
[2025.10.20-01.45.47:989][  0]LogMagicLeap: Warning: VR disabled because ZI is not enabled.  To enable, in the editor, Edit -> Project Settings -> Plugins -> Magic Leap Plugin -> Enable Zero Iteration
[2025.10.20-01.45.47:990][  0]LogStats: UGameplayTagsManager::InitializeManager -  0.000 s
[2025.10.20-01.45.48:090][  0]LogInit: Initializing FReadOnlyCVARCache
[2025.10.20-01.45.48:096][  0]LogAIModule: Creating AISystem for world Untitled
[2025.10.20-01.45.48:096][  0]LogAudio: Display: Initializing Audio Device Manager...
[2025.10.20-01.45.48:099][  0]LogAudio: Display: Loading Default Audio Settings Objects...
[2025.10.20-01.45.48:099][  0]LogAudio: Display: No default SoundConcurrencyObject specified (or failed to load).
[2025.10.20-01.45.48:100][  0]LogAudio: Display: Audio Device Manager Initialized
[2025.10.20-01.45.48:100][  0]LogAudio: Display: Creating Audio Device:                 Id: 1, Scope: Shared, Realtime: True
[2025.10.20-01.45.48:100][  0]LogAudioMixer: Display: Audio Mixer Platform Settings:
[2025.10.20-01.45.48:100][  0]LogAudioMixer: Display: 	Sample Rate:						  48000
[2025.10.20-01.45.48:100][  0]LogAudioMixer: Display: 	Callback Buffer Frame Size Requested: 1024
[2025.10.20-01.45.48:100][  0]LogAudioMixer: Display: 	Callback Buffer Frame Size To Use:	  1024
[2025.10.20-01.45.48:100][  0]LogAudioMixer: Display: 	Number of buffers to queue:			  2
[2025.10.20-01.45.48:100][  0]LogAudioMixer: Display: 	Max Channels (voices):				  32
[2025.10.20-01.45.48:100][  0]LogAudioMixer: Display: 	Number of Async Source Workers:		  0
[2025.10.20-01.45.48:100][  0]LogAudio: Display: AudioDevice MaxSources: 32
[2025.10.20-01.45.48:100][  0]LogAudio: Display: Audio Spatialization Plugin: None (built-in).
[2025.10.20-01.45.48:100][  0]LogAudio: Display: Audio Reverb Plugin: None (built-in).
[2025.10.20-01.45.48:100][  0]LogAudio: Display: Audio Occlusion Plugin: None (built-in).
[2025.10.20-01.45.48:100][  0]LogAudioMixer: Display: Initializing audio mixer.
[2025.10.20-01.45.48:110][  0]LogAudioMixer: Display: 0: FrontLeft
[2025.10.20-01.45.48:110][  0]LogAudioMixer: Display: 1: FrontRight
[2025.10.20-01.45.48:152][  0]LogAudioMixer: Display: Using Audio Device DELL E1914H (NVIDIA High Definition Audio)
[2025.10.20-01.45.48:154][  0]LogAudioMixer: Display: Initializing Sound Submixes...
[2025.10.20-01.45.48:155][  0]LogAudioMixer: Display: Creating Master Submix 'MasterSubmixDefault'
[2025.10.20-01.45.48:155][  0]LogAudioMixer: Display: Creating Master Submix 'MasterReverbSubmixDefault'
[2025.10.20-01.45.48:156][  0]LogAudioMixer: Display: Creating Master Submix 'MasterEQSubmixDefault'
[2025.10.20-01.45.48:156][  0]LogAudioMixer: FMixerPlatformXAudio2::StartAudioStream() called
[2025.10.20-01.45.48:156][  0]LogAudioMixer: Display: Output buffers initialized: Frames=1024, Channels=2, Samples=2048
[2025.10.20-01.45.48:157][  0]LogAudioMixer: Display: Starting AudioMixerPlatformInterface::RunInternal()
[2025.10.20-01.45.48:157][  0]LogAudioMixer: Display: FMixerPlatformXAudio2::SubmitBuffer() called for the first time
[2025.10.20-01.45.48:157][  0]LogInit: FAudioDevice initialized.
[2025.10.20-01.45.48:157][  0]LogAudio: Display: Audio Device (ID: 1) registered with world 'Untitled'.
[2025.10.20-01.45.48:158][  0]LogNetVersion: Set ProjectVersion to 1.0.0.0. Version Checksum will be recalculated on next use.
[2025.10.20-01.45.48:235][  0]LogDerivedDataCache: Saved boot cache 0.08s 94MB C:/Users/Administrator/AppData/Local/UnrealEngine/4.27/DerivedDataCache/Boot.ddc.
[2025.10.20-01.45.48:235][  0]LogInit: Texture streaming: Enabled
[2025.10.20-01.45.48:244][  0]LogAnalytics: Display: [UEEditor.Rocket.Release] APIServer = https://datarouter.ol.epicgames.com/. AppVersion = 4.27.2-18319896+++UE4+Release-4.27
[2025.10.20-01.45.48:248][  0]LogEngineSessionManager: EngineSessionManager initialized
[2025.10.20-01.45.48:248][  0]LogEditorSessionSummary: Verbose: Initializing EditorSessionSummaryWriter for editor session tracking
[2025.10.20-01.45.48:250][  0]LogEditorSessionSummary: EditorSessionSummaryWriter initialized
[2025.10.20-01.45.48:263][  0]LogInit: Transaction tracking system initialized
[2025.10.20-01.45.48:279][  0]BlueprintLog: New page: 编辑器加载
[2025.10.20-01.45.53:976][  0]LocalizationService: 本地化服务已禁用
[2025.10.20-01.45.54:003][  0]TimingProfiler: Initialize
[2025.10.20-01.45.54:003][  0]TimingProfiler: OnSessionChanged
[2025.10.20-01.45.54:003][  0]LoadingProfiler: Initialize
[2025.10.20-01.45.54:003][  0]LoadingProfiler: OnSessionChanged
[2025.10.20-01.45.54:003][  0]NetworkingProfiler: Initialize
[2025.10.20-01.45.54:003][  0]NetworkingProfiler: OnSessionChanged
[2025.10.20-01.45.54:003][  0]MemoryProfiler: Initialize
[2025.10.20-01.45.54:003][  0]MemoryProfiler: OnSessionChanged
[2025.10.20-01.45.54:068][  0]LogVSAccessor: Display: Unable to create Visual Studio setup instance: 80040154
[2025.10.20-01.45.54:069][  0]LogVSAccessor: Display: Unable to create Visual Studio setup instance: 80040154
[2025.10.20-01.45.54:069][  0]LogVSAccessor: Display: Unable to create Visual Studio setup instance: 80040154
[2025.10.20-01.45.54:162][  0]LogCook: Display: CookSettings for Memory: MemoryMaxUsedVirtual 0MiB, MemoryMaxUsedPhysical 16384MiB, MemoryMinFreeVirtual 0MiB, MemoryMinFreePhysical 1024MiB
[2025.10.20-01.45.54:163][  0]LogCook: Display: Mobile HDR setting 1
[2025.10.20-01.45.54:358][  0]LogFileCache: Scanning file cache for directory 'E:/F盘/上传官网/dn-z1/Computer-z1/Content/' took 0.00s
[2025.10.20-01.45.54:541][  0]LogInit: Display: Engine is initialized. Leaving FEngineLoop::Init()
[2025.10.20-01.45.54:545][  0]SourceControl: 源码管理已禁用
[2025.10.20-01.45.54:545][  0]LogUnrealEdMisc: Loading editor; pre map load, took 36.472
[2025.10.20-01.45.54:545][  0]Cmd: MAP LOAD FILE="E:/F盘/上传官网/dn-z1/Computer-z1/Content/Computer/Map/model.umap" TEMPLATE=0 SHOWPROGRESS=1 FEATURELEVEL=3
[2025.10.20-01.45.54:546][  0]LightingResults: New page: 光照构建
[2025.10.20-01.45.54:547][  0]LogWorld: UWorld::CleanupWorld for Untitled, bSessionEnded=true, bCleanupResources=true
[2025.10.20-01.45.54:547][  0]LogSlate: InvalidateAllWidgets triggered.  All widgets were invalidated
[2025.10.20-01.45.54:547][  0]MapCheck: New page: 地图检测
[2025.10.20-01.45.54:547][  0]LightingResults: New page: 光照构建
[2025.10.20-01.45.54:550][  0]LogAudio: Display: Audio Device unregistered from world 'None'.
[2025.10.20-01.45.54:552][  0]LogUObjectHash: Compacting FUObjectHashTables data took   0.54ms
[2025.10.20-01.46.16:589][  0]LogTexture: Display: 正在编译纹理：LQ_Lightmap_0_4（BGRA8、128X128）
[2025.10.20-01.46.16:589][  0]LogTexture: Display: 正在编译纹理：HQ_Lightmap0_4（BGRA8、128X128）
[2025.10.20-01.46.16:589][  0]LogTexture: Display: 正在编译纹理：NewReflectionComponentTextureD81F9BB042E1DE8F76AE74A3F221257E（BGRA8、128X128）
[2025.10.20-01.46.16:589][  0]LogStaticMesh: 正在构建静态网格体SM_Master002……
[2025.10.20-01.46.26:066][  0]LogTexture: Display: 正在编译纹理：LQ_Lightmap_1_2（BGRA8、1024X1024）
[2025.10.20-01.46.26:066][  0]LogTexture: Display: 正在编译纹理：LQ_Lightmap_1_1（BGRA8、1024X1024）
[2025.10.20-01.46.26:066][  0]LogTexture: Display: 正在编译纹理：HQ_Lightmap1_2（BGRA8、1024X1024）
[2025.10.20-01.46.26:066][  0]LogTexture: Display: 正在编译纹理：HQ_Lightmap1_1（BGRA8、1024X1024）
[2025.10.20-01.46.26:066][  0]LogTexture: Display: 正在编译纹理：HQ_Lightmap1_3（BGRA8、1024X1024）
[2025.10.20-01.46.26:066][  0]LogTexture: Display: 正在编译纹理：LQ_Lightmap_1_3（BGRA8、1024X1024）
